<?xml version="1.0" encoding="UTF-8"?>
<!-- Generated by org.testng.reporters.JUnitXMLReporter -->
<testsuite hostname="BANLSOWBARAN01" name="Default test" tests="3" failures="0" timestamp="15 Nov 2014 14:44:38 GMT" time="97.525" errors="0">
  <testcase name="createNewIssue" time="34.5" classname="JIRA_TestSuite.TestSuite"/>
  <testcase name="FindIssue" time="38.352" classname="JIRA_TestSuite.TestSuite"/>
  <testcase name="UpdateIssue" time="1.364" classname="JIRA_TestSuite.TestSuite"/>
</testsuite> <!-- Default test -->
