<?xml version="1.0" encoding="UTF-8"?>
<!-- Generated by org.testng.reporters.JUnitReportReporter -->
<testsuite hostname="BANLSOWBARAN01" name="JIRA_TestSuite.TestSuite" tests="3" failures="0" timestamp="15 Nov 2014 14:44:38 GMT" time="74.216" errors="0">
  <testcase name="UpdateIssue" time="1.364" classname="JIRA_TestSuite.TestSuite"/>
  <testcase name="FindIssue" time="38.352" classname="JIRA_TestSuite.TestSuite"/>
  <testcase name="createNewIssue" time="34.500" classname="JIRA_TestSuite.TestSuite"/>
</testsuite> <!-- JIRA_TestSuite.TestSuite -->
